Fetching duke (ESPN ID: 150)...
Fetching siena (ESPN ID: 2547)...
Fetching ohio-st (ESPN ID: 194)...
Fetching tcu (ESPN ID: 2628)...
Fetching st-johns (ESPN ID: 2599)...
Fetching n-iowa (ESPN ID: 2460)...
Fetching kansas (ESPN ID: 2305)...
Fetching cal-baptist (ESPN ID: 2856)...
Fetching louisville (ESPN ID: 97)...
Fetching s-florida (ESPN ID: 58)...
Fetching mich-st (ESPN ID: 127)...
Fetching ndsu (ESPN ID: 2449)...
Fetching ucla (ESPN ID: 26)...
Fetching ucf (ESPN ID: 2116)...
Fetching uconn (ESPN ID: 41)...
Fetching furman (ESPN ID: 231)...
Fetching arizona (ESPN ID: 12)...
Fetching liu (ESPN ID: 2344)...
Fetching villanova (ESPN ID: 222)...
Fetching utah-st (ESPN ID: 328)...
Fetching wisconsin (ESPN ID: 275)...
Fetching high-point (ESPN ID: 2314)...
Fetching arkansas (ESPN ID: 8)...
Fetching hawaii (ESPN ID: 62)...
Fetching byu (ESPN ID: 252)...
Fetching nc-state (ESPN ID: 152)...
Fetching gonzaga (ESPN ID: 2250)...
Fetching kennesaw-st (ESPN ID: 2320)...
Fetching miami-fl (ESPN ID: 2390)...
Fetching missouri (ESPN ID: 142)...
Failed to fetch https://site.api.espn.com/apis/site/v2/sports/basketball/mens-college-basketball/teams/2314/statistics: 404
Fetching purdue (ESPN ID: 2509)...
Fetching queens (ESPN ID: 3101)...
Fetching florida (ESPN ID: 57)...
Fetching lehigh (ESPN ID: 2329)...
Fetching clemson (ESPN ID: 228)...
Fetching iowa (ESPN ID: 2294)...
Fetching vanderbilt (ESPN ID: 238)...
Fetching mcneese (ESPN ID: 2377)...
Fetching nebraska (ESPN ID: 158)...
Fetching troy (ESPN ID: 2653)...
Fetching unc (ESPN ID: 153)...
Fetching vcu (ESPN ID: 2670)...
Fetching illinois (ESPN ID: 356)...
Fetching penn (ESPN ID: 219)...
Fetching st-marys (ESPN ID: 2608)...
Fetching texas-am (ESPN ID: 245)...
Fetching houston (ESPN ID: 248)...
Fetching idaho (ESPN ID: 70)...
Fetching michigan (ESPN ID: 130)...
Fetching howard (ESPN ID: 47)...
Fetching georgia (ESPN ID: 61)...
Fetching saint-louis (ESPN ID: 139)...
Fetching texas-tech (ESPN ID: 2641)...
Fetching akron (ESPN ID: 2006)...
Fetching alabama (ESPN ID: 333)...
Fetching hofstra (ESPN ID: 2275)...
Fetching tennessee (ESPN ID: 2633)...
Fetching miami-oh (ESPN ID: 193)...
Fetching virginia (ESPN ID: 258)...
Fetching wright-st (ESPN ID: 2750)...
Fetching kentucky (ESPN ID: 96)...
Fetching santa-clara (ESPN ID: 2541)...
Fetching iowa-st (ESPN ID: 66)...
Fetching tenn-st (ESPN ID: 2634)...
Fetching texas (ESPN ID: 251)...
Fetching prairie-view (ESPN ID: 2504)...
Fetching umbc (ESPN ID: 2692)...
Fetching smu (ESPN ID: 2567)...
